This is pdfTeXk, Version 3.141592-1.40.3 (Web2C 7.5.6) (format=latex 2010.5.10)  17 MAY 2010 14:36
entering extended mode
 %&-line parsing enabled.
**api.tex
(./api.tex
LaTeX2e <2005/12/01>
Babel <v3.8h> and hyphenation patterns for english, usenglishmax, dumylang, noh
yphenation, loaded.
(/usr/share/texmf-texlive/tex/latex/base/article.cls
Document Class: article 2005/09/16 v1.4f Standard LaTeX document class
(/usr/share/texmf-texlive/tex/latex/base/size10.clo
File: size10.clo 2005/09/16 v1.4f Standard LaTeX file (size option)
)
\c@part=\count79
\c@section=\count80
\c@subsection=\count81
\c@subsubsection=\count82
\c@paragraph=\count83
\c@subparagraph=\count84
\c@figure=\count85
\c@table=\count86
\abovecaptionskip=\skip41
\belowcaptionskip=\skip42
\bibindent=\dimen102
)
(/usr/share/texmf-texlive/tex/latex/base/alltt.sty
Package: alltt 1997/06/16 v2.0g defines alltt environment
)
(/usr/share/texmf-texlive/tex/latex/ltxmisc/parskip.sty
Package: parskip 2001/04/09 non-zero parskip adjustments
)
(/usr/share/texmf-texlive/tex/latex/fancyhdr/fancyhdr.sty
\fancy@headwidth=\skip43
\f@ncyO@elh=\skip44
\f@ncyO@erh=\skip45
\f@ncyO@olh=\skip46
\f@ncyO@orh=\skip47
\f@ncyO@elf=\skip48
\f@ncyO@erf=\skip49
\f@ncyO@olf=\skip50
\f@ncyO@orf=\skip51
)
(/usr/share/texmf-texlive/tex/latex/ltxmisc/boxedminipage.sty)
(/usr/share/texmf-texlive/tex/latex/base/makeidx.sty
Package: makeidx 2000/03/29 v1.0m Standard LaTeX package
)
(/usr/share/texmf-texlive/tex/latex/multirow/multirow.sty
\bigstrutjot=\dimen103
)
(/usr/share/texmf-texlive/tex/latex/tools/longtable.sty
Package: longtable 2004/02/01 v4.11 Multi-page Table package (DPC)
\LTleft=\skip52
\LTright=\skip53
\LTpre=\skip54
\LTpost=\skip55
\LTchunksize=\count87
\LTcapwidth=\dimen104
\LT@head=\box26
\LT@firsthead=\box27
\LT@foot=\box28
\LT@lastfoot=\box29
\LT@cols=\count88
\LT@rows=\count89
\c@LT@tables=\count90
\c@LT@chunks=\count91
\LT@p@ftn=\toks14
)
(/usr/share/texmf-texlive/tex/latex/tocbibind/tocbibind.sty
Package: tocbibind 2003/03/13 v1.5g extra ToC listings


Package tocbibind Note: The document has section divisions.


Package tocbibind Note: Using section or other style headings.

) (/usr/share/texmf-texlive/tex/latex/amsfonts/amssymb.sty
Package: amssymb 2002/01/22 v2.2d

(/usr/share/texmf-texlive/tex/latex/amsfonts/amsfonts.sty
Package: amsfonts 2001/10/25 v2.2f
\@emptytoks=\toks15
\symAMSa=\mathgroup4
\symAMSb=\mathgroup5
LaTeX Font Info:    Overwriting math alphabet `\mathfrak' in version `bold'
(Font)                  U/euf/m/n --> U/euf/b/n on input line 132.
))
(/usr/share/texmf-texlive/tex/latex/preprint/fullpage.sty
Package: fullpage 1999/02/23 1.1 (PWD)
\FP@margin=\skip56
)
(/usr/share/texmf-texlive/tex/latex/graphics/color.sty
Package: color 2005/11/14 v1.0j Standard LaTeX Color (DPC)

(/etc/texmf/tex/latex/config/color.cfg
File: color.cfg 2007/01/18 v1.5 color configuration of teTeX/TeXLive
)
Package color Info: Driver file: dvips.def on input line 130.

(/usr/share/texmf-texlive/tex/latex/graphics/dvips.def
File: dvips.def 1999/02/16 v3.0i Driver-dependant file (DPC,SPQR)
)
(/usr/share/texmf-texlive/tex/latex/graphics/dvipsnam.def
File: dvipsnam.def 1999/02/16 v3.0i Driver-dependant file (DPC,SPQR)
))
\BCL=\skip57
Package color Info: Redefining color py@inputcolour on input line 35.
\funcindent=\skip58
\funcwidth=\skip59
\varindent=\skip60
\varnamewidth=\skip61
\vardescrwidth=\skip62
\varwidth=\skip63

(/usr/share/texmf-texlive/tex/latex/base/inputenc.sty
Package: inputenc 2006/05/05 v1.1b Input encoding file
\inpenc@prehook=\toks16
\inpenc@posthook=\toks17

(/usr/share/texmf-texlive/tex/latex/base/utf8.def
File: utf8.def 2006/03/30 v1.1i UTF-8 support for inputenc
Now handling font encoding OML ...
... no UTF-8 mapping file for font encoding OML
Now handling font encoding T1 ...
... processing UTF-8 mapping file for font encodingT1

(/usr/share/texmf-texlive/tex/latex/base/t1enc.dfu
File: t1enc.dfu 2006/03/30 v1.1i UTF-8 support for inputenc
   defining Unicode char U+00A1 (decimal 161)
   defining Unicode char U+00A3 (decimal 163)
   defining Unicode char U+00AB (decimal 171)
   defining Unicode char U+00BB (decimal 187)
   defining Unicode char U+00BF (decimal 191)
   defining Unicode char U+00C0 (decimal 192)
   defining Unicode char U+00C1 (decimal 193)
   defining Unicode char U+00C2 (decimal 194)
   defining Unicode char U+00C3 (decimal 195)
   defining Unicode char U+00C4 (decimal 196)
   defining Unicode char U+00C5 (decimal 197)
   defining Unicode char U+00C6 (decimal 198)
   defining Unicode char U+00C7 (decimal 199)
   defining Unicode char U+00C8 (decimal 200)
   defining Unicode char U+00C9 (decimal 201)
   defining Unicode char U+00CA (decimal 202)
   defining Unicode char U+00CB (decimal 203)
   defining Unicode char U+00CC (decimal 204)
   defining Unicode char U+00CD (decimal 205)
   defining Unicode char U+00CE (decimal 206)
   defining Unicode char U+00CF (decimal 207)
   defining Unicode char U+00D0 (decimal 208)
   defining Unicode char U+00D1 (decimal 209)
   defining Unicode char U+00D2 (decimal 210)
   defining Unicode char U+00D3 (decimal 211)
   defining Unicode char U+00D4 (decimal 212)
   defining Unicode char U+00D5 (decimal 213)
   defining Unicode char U+00D6 (decimal 214)
   defining Unicode char U+00D8 (decimal 216)
   defining Unicode char U+00D9 (decimal 217)
   defining Unicode char U+00DA (decimal 218)
   defining Unicode char U+00DB (decimal 219)
   defining Unicode char U+00DC (decimal 220)
   defining Unicode char U+00DD (decimal 221)
   defining Unicode char U+00DE (decimal 222)
   defining Unicode char U+00DF (decimal 223)
   defining Unicode char U+00E0 (decimal 224)
   defining Unicode char U+00E1 (decimal 225)
   defining Unicode char U+00E2 (decimal 226)
   defining Unicode char U+00E3 (decimal 227)
   defining Unicode char U+00E4 (decimal 228)
   defining Unicode char U+00E5 (decimal 229)
   defining Unicode char U+00E6 (decimal 230)
   defining Unicode char U+00E7 (decimal 231)
   defining Unicode char U+00E8 (decimal 232)
   defining Unicode char U+00E9 (decimal 233)
   defining Unicode char U+00EA (decimal 234)
   defining Unicode char U+00EB (decimal 235)
   defining Unicode char U+00EC (decimal 236)
   defining Unicode char U+00ED (decimal 237)
   defining Unicode char U+00EE (decimal 238)
   defining Unicode char U+00EF (decimal 239)
   defining Unicode char U+00F0 (decimal 240)
   defining Unicode char U+00F1 (decimal 241)
   defining Unicode char U+00F2 (decimal 242)
   defining Unicode char U+00F3 (decimal 243)
   defining Unicode char U+00F4 (decimal 244)
   defining Unicode char U+00F5 (decimal 245)
   defining Unicode char U+00F6 (decimal 246)
   defining Unicode char U+00F8 (decimal 248)
   defining Unicode char U+00F9 (decimal 249)
   defining Unicode char U+00FA (decimal 250)
   defining Unicode char U+00FB (decimal 251)
   defining Unicode char U+00FC (decimal 252)
   defining Unicode char U+00FD (decimal 253)
   defining Unicode char U+00FE (decimal 254)
   defining Unicode char U+00FF (decimal 255)
   defining Unicode char U+0102 (decimal 258)
   defining Unicode char U+0103 (decimal 259)
   defining Unicode char U+0104 (decimal 260)
   defining Unicode char U+0105 (decimal 261)
   defining Unicode char U+0106 (decimal 262)
   defining Unicode char U+0107 (decimal 263)
   defining Unicode char U+010C (decimal 268)
   defining Unicode char U+010D (decimal 269)
   defining Unicode char U+010E (decimal 270)
   defining Unicode char U+010F (decimal 271)
   defining Unicode char U+0110 (decimal 272)
   defining Unicode char U+0111 (decimal 273)
   defining Unicode char U+0118 (decimal 280)
   defining Unicode char U+0119 (decimal 281)
   defining Unicode char U+011A (decimal 282)
   defining Unicode char U+011B (decimal 283)
   defining Unicode char U+011E (decimal 286)
   defining Unicode char U+011F (decimal 287)
   defining Unicode char U+0130 (decimal 304)
   defining Unicode char U+0131 (decimal 305)
   defining Unicode char U+0132 (decimal 306)
   defining Unicode char U+0133 (decimal 307)
   defining Unicode char U+0139 (decimal 313)
   defining Unicode char U+013A (decimal 314)
   defining Unicode char U+013D (decimal 317)
   defining Unicode char U+013E (decimal 318)
   defining Unicode char U+0141 (decimal 321)
   defining Unicode char U+0142 (decimal 322)
   defining Unicode char U+0143 (decimal 323)
   defining Unicode char U+0144 (decimal 324)
   defining Unicode char U+0147 (decimal 327)
   defining Unicode char U+0148 (decimal 328)
   defining Unicode char U+014A (decimal 330)
   defining Unicode char U+014B (decimal 331)
   defining Unicode char U+0150 (decimal 336)
   defining Unicode char U+0151 (decimal 337)
   defining Unicode char U+0152 (decimal 338)
   defining Unicode char U+0153 (decimal 339)
   defining Unicode char U+0154 (decimal 340)
   defining Unicode char U+0155 (decimal 341)
   defining Unicode char U+0158 (decimal 344)
   defining Unicode char U+0159 (decimal 345)
   defining Unicode char U+015A (decimal 346)
   defining Unicode char U+015B (decimal 347)
   defining Unicode char U+015E (decimal 350)
   defining Unicode char U+015F (decimal 351)
   defining Unicode char U+0160 (decimal 352)
   defining Unicode char U+0161 (decimal 353)
   defining Unicode char U+0162 (decimal 354)
   defining Unicode char U+0163 (decimal 355)
   defining Unicode char U+0164 (decimal 356)
   defining Unicode char U+0165 (decimal 357)
   defining Unicode char U+016E (decimal 366)
   defining Unicode char U+016F (decimal 367)
   defining Unicode char U+0170 (decimal 368)
   defining Unicode char U+0171 (decimal 369)
   defining Unicode char U+0178 (decimal 376)
   defining Unicode char U+0179 (decimal 377)
   defining Unicode char U+017A (decimal 378)
   defining Unicode char U+017B (decimal 379)
   defining Unicode char U+017C (decimal 380)
   defining Unicode char U+017D (decimal 381)
   defining Unicode char U+017E (decimal 382)
   defining Unicode char U+200C (decimal 8204)
   defining Unicode char U+2013 (decimal 8211)
   defining Unicode char U+2014 (decimal 8212)
   defining Unicode char U+2018 (decimal 8216)
   defining Unicode char U+2019 (decimal 8217)
   defining Unicode char U+201A (decimal 8218)
   defining Unicode char U+201C (decimal 8220)
   defining Unicode char U+201D (decimal 8221)
   defining Unicode char U+201E (decimal 8222)
   defining Unicode char U+2030 (decimal 8240)
   defining Unicode char U+2031 (decimal 8241)
   defining Unicode char U+2039 (decimal 8249)
   defining Unicode char U+203A (decimal 8250)
   defining Unicode char U+2423 (decimal 9251)
)
Now handling font encoding OT1 ...
... processing UTF-8 mapping file for font encodingOT1

(/usr/share/texmf-texlive/tex/latex/base/ot1enc.dfu
File: ot1enc.dfu 2006/03/30 v1.1i UTF-8 support for inputenc
   defining Unicode char U+00A1 (decimal 161)
   defining Unicode char U+00A3 (decimal 163)
   defining Unicode char U+00B8 (decimal 184)
   defining Unicode char U+00BF (decimal 191)
   defining Unicode char U+00C5 (decimal 197)
   defining Unicode char U+00C6 (decimal 198)
   defining Unicode char U+00D8 (decimal 216)
   defining Unicode char U+00DF (decimal 223)
   defining Unicode char U+00E6 (decimal 230)
   defining Unicode char U+00EC (decimal 236)
   defining Unicode char U+00ED (decimal 237)
   defining Unicode char U+00EE (decimal 238)
   defining Unicode char U+00EF (decimal 239)
   defining Unicode char U+00F8 (decimal 248)
   defining Unicode char U+0131 (decimal 305)
   defining Unicode char U+0141 (decimal 321)
   defining Unicode char U+0142 (decimal 322)
   defining Unicode char U+0152 (decimal 338)
   defining Unicode char U+0153 (decimal 339)
   defining Unicode char U+2013 (decimal 8211)
   defining Unicode char U+2014 (decimal 8212)
   defining Unicode char U+2018 (decimal 8216)
   defining Unicode char U+2019 (decimal 8217)
   defining Unicode char U+201C (decimal 8220)
   defining Unicode char U+201D (decimal 8221)
)
Now handling font encoding OMS ...
... processing UTF-8 mapping file for font encodingOMS

(/usr/share/texmf-texlive/tex/latex/base/omsenc.dfu
File: omsenc.dfu 2006/03/30 v1.1i UTF-8 support for inputenc
   defining Unicode char U+00A7 (decimal 167)
   defining Unicode char U+00B6 (decimal 182)
   defining Unicode char U+00B7 (decimal 183)
   defining Unicode char U+2020 (decimal 8224)
   defining Unicode char U+2021 (decimal 8225)
   defining Unicode char U+2022 (decimal 8226)
)
Now handling font encoding OMX ...
... no UTF-8 mapping file for font encoding OMX
Now handling font encoding U ...
... no UTF-8 mapping file for font encoding U
   defining Unicode char U+00A9 (decimal 169)
   defining Unicode char U+00AA (decimal 170)
   defining Unicode char U+00AE (decimal 174)
   defining Unicode char U+00BA (decimal 186)
   defining Unicode char U+02C6 (decimal 710)
   defining Unicode char U+02DC (decimal 732)
   defining Unicode char U+200C (decimal 8204)
   defining Unicode char U+2026 (decimal 8230)
   defining Unicode char U+2122 (decimal 8482)
   defining Unicode char U+2423 (decimal 9251)
))
(/usr/share/texmf-texlive/tex/latex/hyperref/hyperref.sty
Package: hyperref 2007/02/07 v6.75r Hypertext links for LaTeX

(/usr/share/texmf-texlive/tex/latex/graphics/keyval.sty
Package: keyval 1999/03/16 v1.13 key=value parser (DPC)
\KV@toks@=\toks18
)
\@linkdim=\dimen105
\Hy@linkcounter=\count92
\Hy@pagecounter=\count93

(/usr/share/texmf-texlive/tex/latex/hyperref/pd1enc.def
File: pd1enc.def 2007/02/07 v6.75r Hyperref: PDFDocEncoding definition (HO)
Now handling font encoding PD1 ...
... no UTF-8 mapping file for font encoding PD1
)
(/etc/texmf/tex/latex/config/hyperref.cfg
File: hyperref.cfg 2002/06/06 v1.2 hyperref configuration of TeXLive
)
(/usr/share/texmf-texlive/tex/latex/oberdiek/kvoptions.sty
Package: kvoptions 2006/08/22 v2.4 Connects package keyval with LaTeX options (
HO)
)
Package hyperref Info: Option `bookmarks' set `true' on input line 2238.
Package hyperref Info: Option `bookmarksopen' set `false' on input line 2238.
Package hyperref Info: Option `colorlinks' set `true' on input line 2238.
Package hyperref Info: Hyper figures OFF on input line 2288.
Package hyperref Info: Link nesting OFF on input line 2293.
Package hyperref Info: Hyper index ON on input line 2296.
Package hyperref Info: Plain pages OFF on input line 2303.
Package hyperref Info: Backreferencing ON on input line 2306.

Implicit mode ON; LaTeX internals redefined
Package hyperref Info: Bookmarks ON on input line 2444.
(/usr/share/texmf-texlive/tex/latex/hyperref/backref.sty
Package: backref 2006/10/06 v1.27 Bibliographical back referencing
)
(/usr/share/texmf-texlive/tex/latex/ltxmisc/url.sty
\Urlmuskip=\muskip10
Package: url 2005/06/27  ver 3.2  Verb mode for urls, etc.
)
LaTeX Info: Redefining \url on input line 2599.
\Fld@menulength=\count94
\Field@Width=\dimen106
\Fld@charsize=\dimen107
\Choice@toks=\toks19
\Field@toks=\toks20
Package hyperref Info: Hyper figures OFF on input line 3102.
Package hyperref Info: Link nesting OFF on input line 3107.
Package hyperref Info: Hyper index ON on input line 3110.
Package hyperref Info: backreferencing ON on input line 3115.
Package hyperref Info: Link coloring ON on input line 3120.
\Hy@abspage=\count95
\c@Item=\count96
\c@Hfootnote=\count97
)
*hyperref using driver hdvips*
(/usr/share/texmf-texlive/tex/latex/hyperref/hdvips.def
File: hdvips.def 2007/02/07 v6.75r Hyperref driver for dvips

(/usr/share/texmf-texlive/tex/latex/hyperref/pdfmark.def
File: pdfmark.def 2007/02/07 v6.75r Hyperref definitions for pdfmark specials
\pdf@docset=\toks21
\pdf@box=\box30
\pdf@toks=\toks22
\pdf@defaulttoks=\toks23
\Fld@listcount=\count98
))
\@indexfile=\write3
\openout3 = `api.idx'.


Writing index file api.idx
(./api.aux (./spacepy-module.aux) (./spacepy.constants-module.aux)
(./spacepy.empiricals-module.aux) (./spacepy.omni-module.aux)
(./spacepy.onerapy-module.aux) (./spacepy.onerapylib-module.aux)
(./spacepy.poppy-module.aux) (./spacepy.radbelt-module.aux)
(./spacepy.satdata-module.aux) (./spacepy.seapy-module.aux

LaTeX Warning: Label `spacepy:seapy:Sea:plot' multiply defined.

) (./spacepy.setup-module.aux) (./spacepy.spacetime-module.aux)
(./spacepy.testing-module.aux) (./spacepy.toolbox-module.aux

LaTeX Warning: Label `spacepy:toolbox:tCommon' multiply defined.


LaTeX Warning: Label `spacepy:toolbox:tOverlap' multiply defined.


LaTeX Warning: Label `spacepy:toolbox:smartTimeTicks' multiply defined.

) (./spacepy.utils-module.aux))
\openout1 = `api.aux'.

LaTeX Font Info:    Checking defaults for OML/cmm/m/it on input line 80.
LaTeX Font Info:    ... okay on input line 80.
LaTeX Font Info:    Checking defaults for T1/cmr/m/n on input line 80.
LaTeX Font Info:    ... okay on input line 80.
LaTeX Font Info:    Checking defaults for OT1/cmr/m/n on input line 80.
LaTeX Font Info:    ... okay on input line 80.
LaTeX Font Info:    Checking defaults for OMS/cmsy/m/n on input line 80.
LaTeX Font Info:    ... okay on input line 80.
LaTeX Font Info:    Checking defaults for OMX/cmex/m/n on input line 80.
LaTeX Font Info:    ... okay on input line 80.
LaTeX Font Info:    Checking defaults for U/cmr/m/n on input line 80.
LaTeX Font Info:    ... okay on input line 80.
LaTeX Font Info:    Checking defaults for PD1/pdf/m/n on input line 80.
LaTeX Font Info:    ... okay on input line 80.
Package hyperref Info: Link coloring ON on input line 80.

(/usr/share/texmf-texlive/tex/latex/hyperref/nameref.sty
Package: nameref 2006/12/27 v2.28 Cross-referencing by name of section

(/usr/share/texmf-texlive/tex/latex/oberdiek/refcount.sty
Package: refcount 2006/02/20 v3.0 Data extraction from references (HO)
)
\c@section@level=\count99
)
LaTeX Info: Redefining \ref on input line 80.
LaTeX Info: Redefining \pageref on input line 80.
 (./api.out)
(./api.out)
\@outlinefile=\write4
\openout4 = `api.out'.

LaTeX Font Info:    Try loading font information for U+msa on input line 95.
 (/usr/share/texmf-texlive/tex/latex/amsfonts/umsa.fd
File: umsa.fd 2002/01/19 v2.2g AMS font definitions
)
LaTeX Font Info:    Try loading font information for U+msb on input line 95.

(/usr/share/texmf-texlive/tex/latex/amsfonts/umsb.fd
File: umsb.fd 2002/01/19 v2.2g AMS font definitions
) (./api.toc [1

])
\tf@toc=\write5
\openout5 = `api.toc'.

 [2]
\openout2 = `spacepy-module.aux'.


(./spacepy-module.tex
LaTeX Font Info:    Try loading font information for OML+cmr on input line 24.
 (/usr/share/texmf-texlive/tex/latex/base/omlcmr.fd
File: omlcmr.fd 1999/05/25 v2.5h Standard LaTeX font definitions
)
LaTeX Font Info:    Font shape `OML/cmr/m/n' in size <10> not available
(Font)              Font shape `OML/cmm/m/it' tried instead on input line 24.
LaTeX Font Info:    Try loading font information for OMS+cmr on input line 72.

(/usr/share/texmf-texlive/tex/latex/base/omscmr.fd
File: omscmr.fd 1999/05/25 v2.5h Standard LaTeX font definitions
)
LaTeX Font Info:    Font shape `OMS/cmr/m/n' in size <10> not available
(Font)              Font shape `OMS/cmsy/m/n' tried instead on input line 72.
 [3

]) [4]
\openout2 = `spacepy.constants-module.aux'.


(./spacepy.constants-module.tex) [5


]
\openout2 = `spacepy.empiricals-module.aux'.

 (./spacepy.empiricals-module.tex
Overfull \hbox (76.17366pt too wide) in paragraph at lines 23--26
[]\OT1/cmr/bx/n/10 Authors: \OT1/cmr/m/n/10 J. Koller, Los Alamos Na-tional Lab
 (jkoller@lanl.gov), Steve Mor-ley (smor-ley@lanl.gov/morley[]steve@hotmail.com
) 
 []

LaTeX Font Info:    Try loading font information for OMS+cmtt on input line 112
.
(/usr/share/texmf/tex/latex/R/omscmtt.fd
File: omscmtt.fd 
)
LaTeX Font Info:    Font shape `OMS/cmtt/m/n' in size <10> not available
(Font)              Font shape `OMS/cmsy/m/n' tried instead on input line 112.
) [6


]
\openout2 = `spacepy.omni-module.aux'.

 (./spacepy.omni-module.tex
LaTeX Font Info:    Font shape `OT1/cmtt/bx/n' in size <9> not available
(Font)              Font shape `OT1/cmtt/m/n' tried instead on input line 81.
LaTeX Font Info:    Try loading font information for OML+cmtt on input line 81.

LaTeX Font Info:    No file OMLcmtt.fd. on input line 81.


LaTeX Font Warning: Font shape `OML/cmtt/bx/n' undefined
(Font)              using `OML/cmm/m/it' instead
(Font)              for symbol `textgreater' on input line 81.

[7


]
Overfull \hbox (21.02605pt too wide) in paragraph at lines 171--172
\OT1/cmtt/m/n/10 '/home/smorley/projects/spacepy/data/omnidata.pbin'|  
 []

) [8]
\openout2 = `spacepy.onerapy-module.aux'.

 (./spacepy.onerapy-module.tex
LaTeX Font Info:    Font shape `OMS/cmtt/bx/n' in size <9> not available
(Font)              Font shape `OMS/cmsy/b/n' tried instead on input line 90.
 [9


] [10]
Overfull \hbox (16.37949pt too wide) in paragraph at lines 298--298
[][]\OML/cmtt/bx/n/9 >>> []\OT1/cmtt/m/n/10 coord.ticktock = TickTock([[]\OT1/c
mtt/m/n/9 '2002-02-02T12:00:00'[]\OT1/cmtt/m/n/10 , []\OT1/cmtt/m/n/9 '2002-02-
02T12:10:00'[]\OT1/cmtt/m/n/10 ], []\OT1/cmtt/m/n/9 'ISO'[]\OT1/cmtt/m/n/10 )[]
 
 []

[11] [12] [13] [14] [15] [16]
Overfull \vbox (751.32268pt too high) has occurred while \output is active []


[17]) [18]
\openout2 = `spacepy.onerapylib-module.aux'.

 (./spacepy.onerapylib-module.tex
Overfull \hbox (116.76985pt too wide) in paragraph at lines 20--20
[]  \OT1/cmtt/m/n/10 lm,lstar,blocal,bmin,xj,mlt = make[]lstar1(ntime,kext,opti
ons,sysaxes,iyearsat,idoy,ut,xin1,xin2,xin3,maginput)[] 
 []


Overfull \hbox (255.57861pt too wide) in paragraph at lines 21--21
[]  \OT1/cmtt/m/n/10 lm,lstar,blocal,bmin,xj,mlt = make[]lstar[]shell[]splittin
g1(ntime,nipa,kext,options,sysaxes,iyearsat,idoy,ut,xin1,xin2,xin3,alpha,maginp
ut)[] 
 []


Overfull \hbox (94.30003pt too wide) in paragraph at lines 22--22
[]  \OT1/cmtt/m/n/10 blocal,bmir,xgeo = find[]mirror[]point1(kext,options,sysax
es,iyearsat,idoy,ut,xin1,xin2,xin3,alpha,maginput)[] 
 []


Overfull \hbox (22.27068pt too wide) in paragraph at lines 23--23
[]  \OT1/cmtt/m/n/10 bmin,posit = find[]magequator1(kext,options,sysaxes,iyears
at,idoy,ut,xin1,xin2,xin3,maginput)[] 
 []


Overfull \hbox (282.87823pt too wide) in paragraph at lines 30--30
[]  \OT1/cmtt/m/n/10 /drivers/ density,speed,dst[]nt,pdyn[]npa,byimf[]nt,bzimf[
]nt,g1[]tsy01,g2[]tsy01,fkp,g3[]tsy01,w1[]tsy04,w2[]tsy04,w3[]tsy04,w4[]tsy04,w
5[]tsy04,w6[]tsy04,al[] 
 []


LaTeX Font Warning: Font shape `OML/cmtt/m/n' undefined
(Font)              using `OML/cmm/m/it' instead
(Font)              for symbol `textless' on input line 58.

) [19


]
\openout2 = `spacepy.poppy-module.aux'.

 (./spacepy.poppy-module.tex [20


] [21]
Overfull \hbox (59.00017pt too wide) in paragraph at lines 307--308
[][][]\OT1/cmr/m/n/12 delattr[][](), [][]format[][](), [][]getattribute[][](), 
[][]hash[][](), [][]new[][](), [][]reduce[][](), [][]reduce[]ex[][](),
 []

[22]) [23]
\openout2 = `spacepy.radbelt-module.aux'.

 (./spacepy.radbelt-module.tex
LaTeX Font Info:    Font shape `OMS/cmtt/m/n' in size <12> not available
(Font)              Font shape `OMS/cmsy/m/n' tried instead on input line 120.
 [24


] [25] [26]
Overfull \hbox (59.00017pt too wide) in paragraph at lines 418--419
[][][]\OT1/cmr/m/n/12 delattr[][](), [][]format[][](), [][]getattribute[][](), 
[][]hash[][](), [][]new[][](), [][]reduce[][](), [][]reduce[]ex[][](),
 []

) [27]
\openout2 = `spacepy.satdata-module.aux'.

 (./spacepy.satdata-module.tex [28


]
Overfull \hbox (59.00017pt too wide) in paragraph at lines 195--196
[][][]\OT1/cmr/m/n/12 delattr[][](), [][]format[][](), [][]getattribute[][](), 
[][]hash[][](), [][]new[][](), [][]reduce[][](), [][]reduce[]ex[][](),
 []

) [29]
\openout2 = `spacepy.seapy-module.aux'.

 (./spacepy.seapy-module.tex [30


] [31] [32]
Overfull \hbox (59.00017pt too wide) in paragraph at lines 372--373
[][][]\OT1/cmr/m/n/12 delattr[][](), [][]format[][](), [][]getattribute[][](), 
[][]hash[][](), [][]new[][](), [][]reduce[][](), [][]reduce[]ex[][](),
 []

[33] [34]
Overfull \hbox (59.00017pt too wide) in paragraph at lines 547--548
[][][]\OT1/cmr/m/n/12 delattr[][](), [][]format[][](), [][]getattribute[][](), 
[][]hash[][](), [][]new[][](), [][]reduce[][](), [][]reduce[]ex[][](),
 []

[35]) [36]
\openout2 = `spacepy.setup-module.aux'.

 (./spacepy.setup-module.tex) [37


]
\openout2 = `spacepy.spacetime-module.aux'.

 (./spacepy.spacetime-module.tex
LaTeX Font Info:    Font shape `OMS/cmr/m/n' in size <12> not available
(Font)              Font shape `OMS/cmsy/m/n' tried instead on input line 54.

Overfull \hbox (60.33139pt too wide) in paragraph at lines 134--134
[][]\OML/cmtt/bx/n/9 >>> []\OT1/cmtt/m/n/12 ticks = st.tickrange([]\OT1/cmtt/m/
n/9 '2002-02-01T00:00:00'[]\OT1/cmtt/m/n/12 , []\OT1/cmtt/m/n/9 '2002-02-10T00:
00:00'[]\OT1/cmtt/m/n/12 , deltadays = 1)[] 
 []

[38


] [39]
Overfull \hbox (10.2264pt too wide) in paragraph at lines 220--222
[]\OT1/cmr/m/n/12 optional tick-tock (Tick-Tock in-stance) : used for co-or-di-
nate trans-for-ma-tions (see a.convert) 
 []


Overfull \hbox (54.72487pt too wide) in paragraph at lines 239--239
[][][][]\OML/cmtt/bx/n/9 >>> []\OT1/cmtt/m/n/12 coord.ticktock = TickTock([[]\O
T1/cmtt/m/n/9 '2002-02-02T12:00:00'[]\OT1/cmtt/m/n/12 , []\OT1/cmtt/m/n/9 '2002
-02-02T12:00:00'[]\OT1/cmtt/m/n/12 ], []\OT1/cmtt/m/n/9 'ISO'[]\OT1/cmtt/m/n/12
 ) []\OT1/cmtt/m/n/9 # add ticktock[][] 
 []

[40] [41] [42] [43] [44]
Overfull \hbox (22.20609pt too wide) in paragraph at lines 567--567
[][]\OML/cmtt/bx/n/9 >>> []\OT1/cmtt/m/n/12 y.ticktock = TickTock([[]\OT1/cmtt/
m/n/9 '2002-02-02T12:00:00'[]\OT1/cmtt/m/n/12 , []\OT1/cmtt/m/n/9 '2002-02-02T1
2:00:00'[]\OT1/cmtt/m/n/12 ], []\OT1/cmtt/m/n/9 'ISO'[]\OT1/cmtt/m/n/12 )[] 
 []

[45]
Overfull \hbox (59.00017pt too wide) in paragraph at lines 625--626
[][][]\OT1/cmr/m/n/12 delattr[][](), [][]format[][](), [][]getattribute[][](), 
[][]hash[][](), [][]new[][](), [][]reduce[][](), [][]reduce[]ex[][](),
 []

[46]
Overfull \hbox (21.74683pt too wide) in paragraph at lines 668--670
[]\OT1/cmr/m/n/12 TickDelta class hold-ing timedelta sim-i-lar to date-time.tim
edelta This can be used to add/substract
 []

[47] [48] [49]
Overfull \hbox (59.00017pt too wide) in paragraph at lines 921--922
[][][]\OT1/cmr/m/n/12 delattr[][](), [][]format[][](), [][]getattribute[][](), 
[][]hash[][](), [][]new[][](), [][]reduce[][](), [][]reduce[]ex[][](),
 []

[50] [51] [52] [53] [54] [55] [56] [57] [58] [59] [60] [61] [62] [63] [64]
[65] [66] [67] [68] [69] [70] [71] [72] [73]
Overfull \hbox (59.00017pt too wide) in paragraph at lines 2416--2417
[][][]\OT1/cmr/m/n/12 delattr[][](), [][]format[][](), [][]getattribute[][](), 
[][]hash[][](), [][]new[][](), [][]reduce[][](), [][]reduce[]ex[][](),
 []

) [74]
\openout2 = `spacepy.testing-module.aux'.

 (./spacepy.testing-module.tex [75


] [76]) [77]
\openout2 = `spacepy.toolbox-module.aux'.


(./spacepy.toolbox-module.tex
Overfull \hbox (87.02168pt too wide) in paragraph at lines 100--100
[]\OT1/cmtt/m/n/12 Steve Morley, Los Alamos National Lab, smorley@lanl.gov/morl
ey[]steve@hotmail.com[] 
 []

[78


] [79] [80] [81] [82]
Overfull \hbox (150.50072pt too wide) in paragraph at lines 372--372
[]   \OT1/cmtt/m/n/12 http://www.velocityreviews.com/forums/t351983-precision-f
or-equality-of-two-floats.html[] 
 []


Overfull \hbox (145.3137pt too wide) in paragraph at lines 373--373
[]   \OT1/cmtt/m/n/12 http://www.boost.org/libs/test/doc/components/test[]tools
/floating[]point[]comparison.html[] 
 []


Overfull \hbox (124.31868pt too wide) in paragraph at lines 374--374
[]   \OT1/cmtt/m/n/12 http://howto.wikia.com/wiki/Howto[]compare[]float[]number
s[]in[]the[]C[]programming[]language[] 
 []

[83]
Overfull \hbox (69.4561pt too wide) in paragraph at lines 442--442
[][]\OML/cmtt/bx/n/9 >>> []\OT1/cmtt/m/n/12 d = \OMS/cmsy/m/n/12 f[]\OT1/cmtt/m
/n/9 'grade'[]\OT1/cmtt/m/n/12 :\OMS/cmsy/m/n/12 f[]\OT1/cmtt/m/n/9 'level1'[]\
OT1/cmtt/m/n/12 :[4,5,6], []\OT1/cmtt/m/n/9 'level2'[]\OT1/cmtt/m/n/12 :[2,3,4]
\OMS/cmsy/m/n/12 g\OT1/cmtt/m/n/12 , []\OT1/cmtt/m/n/9 'name'[]\OT1/cmtt/m/n/12
 :[[]\OT1/cmtt/m/n/9 'Mary'[]\OT1/cmtt/m/n/12 , []\OT1/cmtt/m/n/9 'John'[]\OT1/
cmtt/m/n/12 , []\OT1/cmtt/m/n/9 'Chris'[]\OT1/cmtt/m/n/12 ]\OMS/cmsy/m/n/12 g[]
 
 []

[84] [85] [86]
Overfull \hbox (10.08377pt too wide) in paragraph at lines 587--587
[][]\OML/cmtt/bx/n/9 >>> []\OT1/cmtt/m/n/12 wsize, olap = datetime.timedelta(1)
, datetime.timedelta(0,3600)[] 
 []


Overfull \hbox (53.30879pt too wide) in paragraph at lines 589--589
[][]\OML/cmtt/bx/n/9 >>> []\OT1/cmtt/m/n/12 outdata, outtime = windowmean(data,
 time, winsize=wsize, overlap=olap)[] 
 []


Overfull \hbox (34.78378pt too wide) in paragraph at lines 635--635
[][]\OML/cmtt/bx/n/9 >>> []\OT1/cmtt/m/n/12 data = numpy.random.lognormal(mean=
5.1458, sigma=0.302313, size=30)[] 
 []

[87] [88] [89] [90] [91]
Overfull \hbox (51.70067pt too wide) in paragraph at lines 936--936
[]\OT1/cmtt/m/n/12 Given an array and a set of bins return the indices that are
 less than the[] 
 []


Overfull \hbox (76.40068pt too wide) in paragraph at lines 948--948
[]     \OT1/cmtt/m/n/12 first element is less than fisrt bin and last bin is la
rger than last bin[] 
 []

[92] [93]
Overfull \hbox (20.82565pt too wide) in paragraph at lines 1066--1066
[]\OT1/cmtt/m/n/12 array([False, False,  True, False, False, False,  True, Fals
e, False,[] 
 []

[94]
LaTeX Font Info:    Font shape `OML/cmr/m/n' in size <12> not available
(Font)              Font shape `OML/cmm/m/it' tried instead on input line 1138.

 [95] [96]) [97]
\openout2 = `spacepy.utils-module.aux'.

 (./spacepy.utils-module.tex [98


] [99]
Overfull \hbox (10.08377pt too wide) in paragraph at lines 286--286
[][]\OML/cmtt/bx/n/9 >>> []\OT1/cmtt/m/n/12 wsize, olap = datetime.timedelta(1)
, datetime.timedelta(0,3600)[] 
 []


Overfull \hbox (53.30879pt too wide) in paragraph at lines 288--288
[][]\OML/cmtt/bx/n/9 >>> []\OT1/cmtt/m/n/12 outtime, outdata = windowmean(data,
 time, winsize=wsize, overlap=olap)[] 
 []


Overfull \hbox (34.78378pt too wide) in paragraph at lines 329--329
[][]\OML/cmtt/bx/n/9 >>> []\OT1/cmtt/m/n/12 data = numpy.random.lognormal(mean=
5.1458, sigma=0.302313, size=30)[] 
 []

[100]) [101] (./api.ind
Overfull \hbox (3.77087pt too wide) in paragraph at lines 12--14
[]| \OT1/cmr/m/n/12 spacepy.empiricals.get[]Lmax \OT1/cmr/m/it/12 (func-tion)\O
T1/cmr/m/n/12 ,
 []


Overfull \hbox (19.58221pt too wide) in paragraph at lines 14--16
[]| \OT1/cmr/m/n/12 spacepy.empiricals.get[]plasma[]pause \OT1/cmr/m/it/12 (fun
c-
 []


Overfull \hbox (1.32506pt too wide) in paragraph at lines 28--30
[]| \OT1/cmr/m/n/12 spacepy.onerapy.coord[]trans \OT1/cmr/m/it/12 (func-tion)\O
T1/cmr/m/n/12 ,
 []


Overfull \hbox (7.29584pt too wide) in paragraph at lines 30--32
[]| \OT1/cmr/m/n/12 spacepy.onerapy.find[]Bmirror \OT1/cmr/m/it/12 (func-tion)\
OT1/cmr/m/n/12 ,
 []


Overfull \hbox (2.75378pt too wide) in paragraph at lines 32--34
[]| \OT1/cmr/m/n/12 spacepy.onerapy.find[]magequator \OT1/cmr/m/it/12 (func-
 []


Overfull \hbox (1.02924pt too wide) in paragraph at lines 34--36
[]| \OT1/cmr/m/n/12 spacepy.onerapy.get[]Bfield \OT1/cmr/m/it/12 (func-tion)\OT
1/cmr/m/n/12 , [][][][][][] 
 []


Overfull \hbox (6.09029pt too wide) in paragraph at lines 36--38
[]| \OT1/cmr/m/n/12 spacepy.onerapy.get[]dtype \OT1/cmr/m/it/12 (func-tion)\OT1
/cmr/m/n/12 , [][][][][][] 
 []


Overfull \hbox (4.03198pt too wide) in paragraph at lines 38--40
[]| \OT1/cmr/m/n/12 spacepy.onerapy.get[]Lstar \OT1/cmr/m/it/12 (func-tion)\OT1
/cmr/m/n/12 , [][][][][][] 
 []


Overfull \hbox (12.67021pt too wide) in paragraph at lines 57--59
[]| \OT1/cmr/m/n/12 spacepy.radbelt.get[]local[]accel \OT1/cmr/m/it/12 (func-ti
on)\OT1/cmr/m/n/12 ,
 []


Overfull \hbox (14.78835pt too wide) in paragraph at lines 59--61
[]| \OT1/cmr/m/n/12 spacepy.radbelt.get[]modelop[]L \OT1/cmr/m/it/12 (func-tion
)\OT1/cmr/m/n/12 ,
 []


Overfull \hbox (2.13362pt too wide) in paragraph at lines 61--63
[]| \OT1/cmr/m/n/12 spacepy.radbelt.RBmodel \OT1/cmr/m/it/12 (class)\OT1/cmr/m/
n/12 , [][][][][][]--[][][][][][] 
 []


Overfull \hbox (7.52792pt too wide) in paragraph at lines 64--66
[]| \OT1/cmr/m/n/12 spacepy.satdata.convert2PSDclass \OT1/cmr/m/it/12 (func-
 []


Overfull \hbox (16.69041pt too wide) in paragraph at lines 68--70
[]| \OT1/cmr/m/n/12 spacepy.satdata.PSDdataClass \OT1/cmr/m/it/12 (class)\OT1/c
mr/m/n/12 , [][][][][][]--
 []


Overfull \hbox (13.08385pt too wide) in paragraph at lines 70--72
[]| \OT1/cmr/m/n/12 spacepy.satdata.updatePSDdb \OT1/cmr/m/it/12 (func-tion)\OT
1/cmr/m/n/12 ,
 []


Overfull \hbox (1.33812pt too wide) in paragraph at lines 75--77
[]| \OT1/cmr/m/n/12 spacepy.seapy.readepochs \OT1/cmr/m/it/12 (func-tion)\OT1/c
mr/m/n/12 , [][][][][][] 
 []


Overfull \hbox (15.03325pt too wide) in paragraph at lines 84--86
[]| \OT1/cmr/m/n/12 spacepy.setup.compile[]oneralib \OT1/cmr/m/it/12 (func-tion
)\OT1/cmr/m/n/12 ,
 []


Overfull \hbox (0.8975pt too wide) in paragraph at lines 91--93
[]| \OT1/cmr/m/n/12 spacepy.spacetime.SpaCo \OT1/cmr/m/it/12 (class)\OT1/cmr/m/
n/12 , [][][][][][]--[][][][][][] 
 []


Overfull \hbox (6.60718pt too wide) in paragraph at lines 93--95
[]| \OT1/cmr/m/n/12 spacepy.spacetime.TickDelta \OT1/cmr/m/it/12 (class)\OT1/cm
r/m/n/12 , [][][][][][]--
 []


Overfull \hbox (0.35896pt too wide) in paragraph at lines 95--97
[]| \OT1/cmr/m/n/12 spacepy.spacetime.tickrange \OT1/cmr/m/it/12 (func-tion)\OT
1/cmr/m/n/12 ,
 []


Overfull \hbox (3.50859pt too wide) in paragraph at lines 97--99
[]| \OT1/cmr/m/n/12 spacepy.spacetime.TickTock \OT1/cmr/m/it/12 (class)\OT1/cmr
/m/n/12 , [][][][][][]--
 []


Overfull \hbox (1.01173pt too wide) in paragraph at lines 109--111
[]| \OT1/cmr/m/n/12 spacepy.toolbox.assemble \OT1/cmr/m/it/12 (func-tion)\OT1/c
mr/m/n/12 , [][][][][][] 
 []


Overfull \hbox (2.82643pt too wide) in paragraph at lines 119--121
[]| \OT1/cmr/m/n/12 spacepy.toolbox.leap[]year \OT1/cmr/m/it/12 (func-tion)\OT1
/cmr/m/n/12 , [][][][][][] 
 []


Overfull \hbox (7.0825pt too wide) in paragraph at lines 121--123
[]| \OT1/cmr/m/n/12 spacepy.toolbox.loadpickle \OT1/cmr/m/it/12 (func-tion)\OT1
/cmr/m/n/12 , [][][][][][] 
 []

[102


]
Overfull \hbox (5.93808pt too wide) in paragraph at lines 125--127
[]| \OT1/cmr/m/n/12 spacepy.toolbox.makePoly \OT1/cmr/m/it/12 (func-tion)\OT1/c
mr/m/n/12 , [][][][][][] 
 []


Overfull \hbox (3.45338pt too wide) in paragraph at lines 127--129
[]| \OT1/cmr/m/n/12 spacepy.toolbox.medAbsDev \OT1/cmr/m/it/12 (func-tion)\OT1/
cmr/m/n/12 ,
 []


Overfull \hbox (6.86055pt too wide) in paragraph at lines 135--137
[]| \OT1/cmr/m/n/12 spacepy.toolbox.query[]yes[]no \OT1/cmr/m/it/12 (func-tion)
\OT1/cmr/m/n/12 ,
 []


Overfull \hbox (6.8214pt too wide) in paragraph at lines 139--141
[]| \OT1/cmr/m/n/12 spacepy.toolbox.savepickle \OT1/cmr/m/it/12 (func-tion)\OT1
/cmr/m/n/12 , [][][][][][] 
 []


Overfull \hbox (1.26547pt too wide) in paragraph at lines 143--145
[]| \OT1/cmr/m/n/12 spacepy.toolbox.smartTimeTicks \OT1/cmr/m/it/12 (func-
 []


Overfull \hbox (10.34636pt too wide) in paragraph at lines 145--147
[]| \OT1/cmr/m/n/12 spacepy.toolbox.tCommon \OT1/cmr/m/it/12 (func-tion)\OT1/cm
r/m/n/12 , [][][][][][],
 []


Overfull \hbox (10.41164pt too wide) in paragraph at lines 147--149
[]| \OT1/cmr/m/n/12 spacepy.toolbox.timestamp \OT1/cmr/m/it/12 (func-tion)\OT1/
cmr/m/n/12 , [][][][][][] 
 []


Overfull \hbox (4.47142pt too wide) in paragraph at lines 149--151
[]| \OT1/cmr/m/n/12 spacepy.toolbox.tOverlap \OT1/cmr/m/it/12 (func-tion)\OT1/c
mr/m/n/12 , [][][][][][],
 []


Overfull \hbox (8.77554pt too wide) in paragraph at lines 153--155
[]| \OT1/cmr/m/n/12 spacepy.toolbox.windowMean \OT1/cmr/m/it/12 (func-tion)\OT1
/cmr/m/n/12 ,
 []


Overfull \hbox (0.61046pt too wide) in paragraph at lines 166--168
[]| \OT1/cmr/m/n/12 spacepy.utils.MoldwinPP \OT1/cmr/m/it/12 (func-tion)\OT1/cm
r/m/n/12 , [][][][][][] 
 []


Overfull \hbox (4.85059pt too wide) in paragraph at lines 172--174
[]| \OT1/cmr/m/n/12 spacepy.utils.readOMNIhi \OT1/cmr/m/it/12 (func-tion)\OT1/c
mr/m/n/12 , [][][][][][] 
 []


Overfull \hbox (6.16862pt too wide) in paragraph at lines 180--182
[]| \OT1/cmr/m/n/12 spacepy.utils.windowmean \OT1/cmr/m/it/12 (func-tion)\OT1/c
mr/m/n/12 , [][][][][][] 
 []

[103

]) (./api.aux (./spacepy-module.aux) (./spacepy.constants-module.aux)
(./spacepy.empiricals-module.aux) (./spacepy.omni-module.aux)
(./spacepy.onerapy-module.aux) (./spacepy.onerapylib-module.aux)
(./spacepy.poppy-module.aux) (./spacepy.radbelt-module.aux)
(./spacepy.satdata-module.aux) (./spacepy.seapy-module.aux)
(./spacepy.setup-module.aux) (./spacepy.spacetime-module.aux)
(./spacepy.testing-module.aux) (./spacepy.toolbox-module.aux)
(./spacepy.utils-module.aux))

LaTeX Font Warning: Some font shapes were not available, defaults substituted.


LaTeX Warning: There were multiply-defined labels.

 ) 
Here is how much of TeX's memory you used:
 3967 strings out of 95087
 57597 string characters out of 1183278
 126313 words of memory out of 1500000
 6955 multiletter control sequences out of 10000+50000
 14677 words of font info for 56 fonts, out of 1200000 for 2000
 28 hyphenation exceptions out of 8191
 30i,12n,43p,565b,450s stack positions out of 5000i,500n,6000p,200000b,5000s

Output written on api.dvi (103 pages, 371644 bytes).
