Volume averages, fluxes, etc
it t dt rho mx my mz bx by bz e Pmin Pmax
      1  0.00000E+00  0.00000E+00  5.00000E+00 -3.34518E-15  4.05307E-29  3.17737E-25  1.00078E-02  1.00000E-02  1.00007E+00  6.79791E-10  6.83964E-03  7.03764E-03
      2  0.00000E+00  0.00000E+00  5.00000E+00 -3.34515E-15 -2.01855E-26 -1.30700E-22  1.00157E-02  1.00000E-02  1.00015E+00  6.79793E-10  6.77611E-03  1.03296E-02
      3  0.00000E+00  0.00000E+00  5.00001E+00 -3.34511E-15 -6.10664E-26 -4.21813E-22  1.00237E-02  9.99999E-03  1.00024E+00  6.79796E-10  6.76157E-03  2.29135E-02
      4  0.00000E+00  0.00000E+00  5.00001E+00 -3.34506E-15 -1.21520E-25 -8.72236E-22  1.00317E-02  9.99998E-03  1.00032E+00  6.79800E-10  6.76036E-03  5.11835E-02
      5  0.00000E+00  0.00000E+00  5.00002E+00 -3.34500E-15 -1.95582E-25 -1.46891E-21  1.00395E-02  9.99997E-03  1.00042E+00  6.79805E-10  6.79887E-03  8.62503E-02
      6  1.42237E-01  1.42237E-01  5.00002E+00 -3.34499E-15 -1.97641E-25 -1.50414E-21  1.00394E-02  9.99997E-03  1.00042E+00  6.79804E-10  6.90322E-03  8.73960E-02
      7  2.85581E-01  1.43344E-01  5.00002E+00 -3.34498E-15 -1.99710E-25 -1.53584E-21  1.00394E-02  9.99997E-03  1.00041E+00  6.79804E-10  6.90322E-03  8.86048E-02
      8  4.29977E-01  1.44395E-01  5.00002E+00 -3.34498E-15 -2.01753E-25 -1.56543E-21  1.00394E-02  9.99997E-03  1.00038E+00  6.79803E-10  6.90322E-03  8.98767E-02
      9  5.75303E-01  1.45326E-01  5.00002E+00 -3.34497E-15 -2.03763E-25 -1.59337E-21  1.00393E-02  9.99997E-03  1.00035E+00  6.79803E-10  6.90322E-03  9.12082E-02
     10  7.21470E-01  1.46167E-01  5.00002E+00 -3.34497E-15 -2.05737E-25 -1.61991E-21  1.00393E-02  9.99997E-03  1.00031E+00  6.79802E-10  6.90322E-03  9.25952E-02
     11  8.68408E-01  1.46938E-01  5.00002E+00 -3.34496E-15 -2.07671E-25 -1.64522E-21  1.00392E-02  9.99997E-03  1.00025E+00  6.79802E-10  6.90322E-03  9.40329E-02
     12  1.01606E+00  1.47655E-01  5.00003E+00 -3.34496E-15 -2.09561E-25 -1.66947E-21  1.00392E-02  9.99997E-03  1.00019E+00  6.79801E-10  6.90321E-03  9.55162E-02
     13  1.16439E+00  1.48329E-01  5.00003E+00 -3.34496E-15 -2.11403E-25 -1.69276E-21  1.00392E-02  9.99997E-03  1.00011E+00  6.79801E-10  6.90321E-03  9.70403E-02
     14  1.31336E+00  1.48967E-01  5.00003E+00 -3.34495E-15 -2.13195E-25 -1.71512E-21  1.00391E-02  9.99997E-03  1.00003E+00  6.79800E-10  6.90321E-03  9.85999E-02
     15  1.46293E+00  1.49576E-01  5.00003E+00 -3.34495E-15 -2.14936E-25 -1.73663E-21  1.00391E-02  9.99997E-03  9.99957E-01  6.79800E-10  6.90321E-03  1.00190E-01
     16  1.61309E+00  1.50160E-01  5.00003E+00 -3.34494E-15 -2.16622E-25 -1.75738E-21  1.00391E-02  9.99997E-03  9.99880E-01  6.79799E-10  6.90321E-03  1.01807E-01
     17  1.76382E+00  1.50724E-01  5.00003E+00 -3.34494E-15 -2.18253E-25 -1.77745E-21  1.00390E-02  9.99997E-03  9.99802E-01  6.79799E-10  6.90320E-03  1.03444E-01
     18  1.91509E+00  1.51270E-01  5.00004E+00 -3.34493E-15 -2.19829E-25 -1.79691E-21  1.00390E-02  9.99997E-03  9.99724E-01  6.79798E-10  6.90320E-03  1.05099E-01
     19  2.06689E+00  1.51801E-01  5.00004E+00 -3.34493E-15 -2.21349E-25 -1.81582E-21  1.00389E-02  9.99997E-03  9.99646E-01  6.79798E-10  6.90320E-03  1.07720E-01
     20  2.21921E+00  1.52319E-01  5.00004E+00 -3.34492E-15 -2.22812E-25 -1.83423E-21  1.00389E-02  9.99997E-03  9.99568E-01  6.79797E-10  6.90320E-03  1.10879E-01
     21  2.37203E+00  1.52824E-01  5.00004E+00 -3.34492E-15 -2.24220E-25 -1.85220E-21  1.00389E-02  9.99997E-03  9.99489E-01  6.79797E-10  6.90320E-03  1.13909E-01
     22  2.52535E+00  1.53319E-01  5.00004E+00 -3.34491E-15 -2.25571E-25 -1.86977E-21  1.00388E-02  9.99997E-03  9.99410E-01  6.79797E-10  6.90320E-03  1.16803E-01
     23  2.67916E+00  1.53804E-01  5.00004E+00 -3.34491E-15 -2.26866E-25 -1.88698E-21  1.00388E-02  9.99997E-03  9.99331E-01  6.79796E-10  6.90319E-03  1.19555E-01
     24  2.83344E+00  1.54281E-01  5.00005E+00 -3.34491E-15 -2.28107E-25 -1.90387E-21  1.00388E-02  9.99997E-03  9.99252E-01  6.79796E-10  6.90319E-03  1.22161E-01
     25  2.98819E+00  1.54749E-01  5.00005E+00 -3.34490E-15 -2.29293E-25 -1.92047E-21  1.00387E-02  9.99997E-03  9.99172E-01  6.79795E-10  6.90319E-03  1.24619E-01
     26  3.14340E+00  1.55209E-01  5.00005E+00 -3.34490E-15 -2.30426E-25 -1.93681E-21  1.00387E-02  9.99997E-03  9.99092E-01  6.79795E-10  6.90319E-03  1.26929E-01
     27  3.29906E+00  1.55663E-01  5.00005E+00 -3.34489E-15 -2.31507E-25 -1.95291E-21  1.00387E-02  9.99997E-03  9.99012E-01  6.79795E-10  6.90319E-03  1.29092E-01
     28  3.45517E+00  1.56110E-01  5.00005E+00 -3.34489E-15 -2.32535E-25 -1.96881E-21  1.00386E-02  9.99997E-03  9.98932E-01  6.79794E-10  6.90318E-03  1.31110E-01
     29  3.61172E+00  1.56552E-01  5.00006E+00 -3.34488E-15 -2.33513E-25 -1.98452E-21  1.00386E-02  9.99997E-03  9.98851E-01  6.79794E-10  6.90318E-03  1.32987E-01
     30  3.76871E+00  1.56987E-01  5.00006E+00 -3.34488E-15 -2.34442E-25 -2.00006E-21  1.00386E-02  9.99997E-03  9.98770E-01  6.79794E-10  6.90318E-03  1.34726E-01
     31  3.92613E+00  1.57418E-01  5.00006E+00 -3.34488E-15 -2.35322E-25 -2.01545E-21  1.00385E-02  9.99997E-03  9.98689E-01  6.79793E-10  6.90318E-03  1.36332E-01
     32  4.08397E+00  1.57843E-01  5.00006E+00 -3.34487E-15 -2.36155E-25 -2.03070E-21  1.00385E-02  9.99997E-03  9.98608E-01  6.79793E-10  6.90318E-03  1.37810E-01
     33  4.24223E+00  1.58263E-01  5.00006E+00 -3.34487E-15 -2.36942E-25 -2.04583E-21  1.00384E-02  9.99997E-03  9.98527E-01  6.79793E-10  6.90318E-03  1.39166E-01
     34  4.40091E+00  1.58679E-01  5.00006E+00 -3.34486E-15 -2.37684E-25 -2.06084E-21  1.00384E-02  9.99997E-03  9.98445E-01  6.79792E-10  6.90317E-03  1.40405E-01
     35  4.56000E+00  1.59091E-01  5.00007E+00 -3.34486E-15 -2.38382E-25 -2.07576E-21  1.00384E-02  9.99997E-03  9.98363E-01  6.79792E-10  6.90317E-03  1.41533E-01
     36  4.71950E+00  1.59499E-01  5.00007E+00 -3.34486E-15 -2.39037E-25 -2.09058E-21  1.00383E-02  9.99997E-03  9.98281E-01  6.79792E-10  6.90317E-03  1.42557E-01
     37  4.87940E+00  1.59903E-01  5.00007E+00 -3.34485E-15 -2.39652E-25 -2.10532E-21  1.00383E-02  9.99997E-03  9.98199E-01  6.79791E-10  6.90317E-03  1.43481E-01
     38  5.03971E+00  1.60303E-01  5.00007E+00 -3.34485E-15 -2.40225E-25 -2.11999E-21  1.00383E-02  9.99997E-03  9.98117E-01  6.79791E-10  6.90317E-03  1.44313E-01
     39  5.20041E+00  1.60699E-01  5.00007E+00 -3.34484E-15 -2.40763E-25 -2.13456E-21  1.00382E-02  9.99997E-03  9.98034E-01  6.79791E-10  6.90316E-03  1.45058E-01
     40  5.36150E+00  1.61093E-01  5.00008E+00 -3.34484E-15 -2.41263E-25 -2.14907E-21  1.00382E-02  9.99997E-03  9.97951E-01  6.79790E-10  6.90316E-03  1.45721E-01
     41  5.52298E+00  1.61483E-01  5.00008E+00 -3.34484E-15 -2.41723E-25 -2.16354E-21  1.00382E-02  9.99997E-03  9.97868E-01  6.79790E-10  6.90316E-03  1.46309E-01
     42  5.68485E+00  1.61870E-01  5.00008E+00 -3.34483E-15 -2.42145E-25 -2.17796E-21  1.00381E-02  9.99997E-03  9.97785E-01  6.79790E-10  6.90316E-03  1.46826E-01
     43  5.84710E+00  1.62254E-01  5.00008E+00 -3.34483E-15 -2.42533E-25 -2.19233E-21  1.00381E-02  9.99997E-03  9.97702E-01  6.79789E-10  6.90316E-03  1.47278E-01
     44  6.00974E+00  1.62635E-01  5.00008E+00 -3.34483E-15 -2.42889E-25 -2.20666E-21  1.00381E-02  9.99997E-03  9.97618E-01  6.79789E-10  6.90316E-03  1.47671E-01
     45  6.17275E+00  1.63013E-01  5.00009E+00 -3.34482E-15 -2.43216E-25 -2.22096E-21  1.00380E-02  9.99997E-03  9.97534E-01  6.79789E-10  6.90315E-03  1.48007E-01
     46  6.33614E+00  1.63389E-01  5.00009E+00 -3.34482E-15 -2.43516E-25 -2.23521E-21  1.00380E-02  9.99997E-03  9.97450E-01  6.79789E-10  6.90315E-03  1.48293E-01
     47  6.49990E+00  1.63762E-01  5.00009E+00 -3.34481E-15 -2.43791E-25 -2.24943E-21  1.00380E-02  9.99997E-03  9.97366E-01  6.79788E-10  6.90315E-03  1.48533E-01
     48  6.66404E+00  1.64133E-01  5.00009E+00 -3.34481E-15 -2.44042E-25 -2.26362E-21  1.00379E-02  9.99997E-03  9.97282E-01  6.79788E-10  6.90315E-03  1.48731E-01
     49  6.82854E+00  1.64501E-01  5.00009E+00 -3.34481E-15 -2.44270E-25 -2.27778E-21  1.00379E-02  9.99997E-03  9.97197E-01  6.79788E-10  6.90315E-03  1.49497E-01
     50  6.99340E+00  1.64867E-01  5.00010E+00 -3.34480E-15 -2.44478E-25 -2.29191E-21  1.00379E-02  9.99997E-03  9.97113E-01  6.79787E-10  6.90315E-03  1.50474E-01
     51  7.15864E+00  1.65231E-01  5.00010E+00 -3.34480E-15 -2.44666E-25 -2.30601E-21  1.00378E-02  9.99997E-03  9.97028E-01  6.79787E-10  6.90314E-03  1.51419E-01
     52  7.32423E+00  1.65593E-01  5.00010E+00 -3.34480E-15 -2.44834E-25 -2.32008E-21  1.00378E-02  9.99997E-03  9.96943E-01  6.79787E-10  6.90314E-03  1.52333E-01
     53  7.49018E+00  1.65953E-01  5.00010E+00 -3.34479E-15 -2.44984E-25 -2.33413E-21  1.00378E-02  9.99997E-03  9.96857E-01  6.79786E-10  6.90254E-03  1.53217E-01
     54  7.65649E+00  1.66311E-01  5.00010E+00 -3.34479E-15 -2.45117E-25 -2.34816E-21  1.00378E-02  9.99997E-03  9.96772E-01  6.79786E-10  6.89918E-03  1.54070E-01
     55  7.82316E+00  1.66667E-01  5.00011E+00 -3.34478E-15 -2.45233E-25 -2.36216E-21  1.00377E-02  9.99997E-03  9.96686E-01  6.79786E-10  6.89586E-03  1.54894E-01
     56  7.99018E+00  1.67021E-01  5.00011E+00 -3.34478E-15 -2.45332E-25 -2.37614E-21  1.00377E-02  9.99997E-03  9.96600E-01  6.79786E-10  6.89259E-03  1.55688E-01
     57  8.15755E+00  1.67373E-01  5.00011E+00 -3.34478E-15 -2.45416E-25 -2.39011E-21  1.00377E-02  9.99997E-03  9.96515E-01  6.79785E-10  6.88935E-03  1.56454E-01
     58  8.32528E+00  1.67723E-01  5.00011E+00 -3.34477E-15 -2.45484E-25 -2.40405E-21  1.00376E-02  9.99997E-03  9.96428E-01  6.79785E-10  6.88616E-03  1.57191E-01
     59  8.49335E+00  1.68072E-01  5.00011E+00 -3.34477E-15 -2.45537E-25 -2.41797E-21  1.00376E-02  9.99997E-03  9.96342E-01  6.79785E-10  6.88301E-03  1.57901E-01
     60  8.66177E+00  1.68419E-01  5.00012E+00 -3.34477E-15 -2.45576E-25 -2.43187E-21  1.00376E-02  9.99997E-03  9.96256E-01  6.79784E-10  6.87990E-03  1.58583E-01
     61  8.83053E+00  1.68764E-01  5.00012E+00 -3.34476E-15 -2.45601E-25 -2.44575E-21  1.00375E-02  9.99997E-03  9.96169E-01  6.79784E-10  6.87683E-03  1.59239E-01
     62  8.99964E+00  1.69108E-01  5.00012E+00 -3.34476E-15 -2.45612E-25 -2.45961E-21  1.00375E-02  9.99997E-03  9.96082E-01  6.79784E-10  6.87379E-03  1.59868E-01
     63  9.16909E+00  1.69450E-01  5.00012E+00 -3.34476E-15 -2.45610E-25 -2.47345E-21  1.00375E-02  9.99997E-03  9.95995E-01  6.79784E-10  6.87080E-03  1.60472E-01
     64  9.33888E+00  1.69791E-01  5.00012E+00 -3.34475E-15 -2.45594E-25 -2.48727E-21  1.00374E-02  9.99997E-03  9.95908E-01  6.79783E-10  6.86785E-03  1.61051E-01
     65  9.50901E+00  1.70131E-01  5.00013E+00 -3.34475E-15 -2.45566E-25 -2.50107E-21  1.00374E-02  9.99997E-03  9.95821E-01  6.79783E-10  6.86493E-03  1.61605E-01
     66  9.67948E+00  1.70469E-01  5.00013E+00 -3.34475E-15 -2.45525E-25 -2.51484E-21  1.00374E-02  9.99997E-03  9.95733E-01  6.79783E-10  6.86206E-03  1.62136E-01
     67  9.85028E+00  1.70805E-01  5.00013E+00 -3.34474E-15 -2.45473E-25 -2.52860E-21  1.00374E-02  9.99997E-03  9.95645E-01  6.79782E-10  6.85922E-03  1.62643E-01
     68  1.00000E+01  1.49715E-01  5.00013E+00 -3.34474E-15 -2.45416E-25 -2.54061E-21  1.00373E-02  9.99997E-03  9.95569E-01  6.79782E-10  6.85677E-03  1.63071E-01
